<?xml version="1.0" encoding="UTF-8"?>
<testsuite xmlns:xsi="http://www.w3.org/2001/XMLSchema-instance" xsi:noNamespaceSchemaLocation="https://maven.apache.org/surefire/maven-surefire-plugin/xsd/surefire-test-report-3.0.xsd" version="3.0" name="TestSuite" time="3.504" tests="5" errors="0" skipped="0" failures="0">
  <properties>
    <property name="sun.desktop" value="windows"/>
    <property name="awt.toolkit" value="sun.awt.windows.WToolkit"/>
    <property name="file.encoding.pkg" value="sun.io"/>
    <property name="java.specification.version" value="1.8"/>
    <property name="sun.cpu.isalist" value="amd64"/>
    <property name="sun.jnu.encoding" value="Cp1252"/>
    <property name="java.class.path" value="D:\EclipseWS\VideoGameProject\target\test-classes;D:\EclipseWS\VideoGameProject\target\classes;C:\Users\naman.misra.DELL-NAMANMISHA\.m2\repository\io\rest-assured\rest-assured\4.3.0\rest-assured-4.3.0.jar;C:\Users\naman.misra.DELL-NAMANMISHA\.m2\repository\org\codehaus\groovy\groovy\3.0.2\groovy-3.0.2.jar;C:\Users\naman.misra.DELL-NAMANMISHA\.m2\repository\org\codehaus\groovy\groovy-xml\3.0.2\groovy-xml-3.0.2.jar;C:\Users\naman.misra.DELL-NAMANMISHA\.m2\repository\org\apache\httpcomponents\httpclient\4.5.3\httpclient-4.5.3.jar;C:\Users\naman.misra.DELL-NAMANMISHA\.m2\repository\org\apache\httpcomponents\httpcore\4.4.6\httpcore-4.4.6.jar;C:\Users\naman.misra.DELL-NAMANMISHA\.m2\repository\commons-logging\commons-logging\1.2\commons-logging-1.2.jar;C:\Users\naman.misra.DELL-NAMANMISHA\.m2\repository\org\apache\httpcomponents\httpmime\4.5.3\httpmime-4.5.3.jar;C:\Users\naman.misra.DELL-NAMANMISHA\.m2\repository\org\hamcrest\hamcrest\2.1\hamcrest-2.1.jar;C:\Users\naman.misra.DELL-NAMANMISHA\.m2\repository\org\ccil\cowan\tagsoup\tagsoup\1.2.1\tagsoup-1.2.1.jar;C:\Users\naman.misra.DELL-NAMANMISHA\.m2\repository\io\rest-assured\json-path\4.3.0\json-path-4.3.0.jar;C:\Users\naman.misra.DELL-NAMANMISHA\.m2\repository\org\codehaus\groovy\groovy-json\3.0.2\groovy-json-3.0.2.jar;C:\Users\naman.misra.DELL-NAMANMISHA\.m2\repository\io\rest-assured\rest-assured-common\4.3.0\rest-assured-common-4.3.0.jar;C:\Users\naman.misra.DELL-NAMANMISHA\.m2\repository\io\rest-assured\xml-path\4.3.0\xml-path-4.3.0.jar;C:\Users\naman.misra.DELL-NAMANMISHA\.m2\repository\org\apache\commons\commons-lang3\3.4\commons-lang3-3.4.jar;C:\Users\naman.misra.DELL-NAMANMISHA\.m2\repository\jakarta\xml\bind\jakarta.xml.bind-api\2.3.2\jakarta.xml.bind-api-2.3.2.jar;C:\Users\naman.misra.DELL-NAMANMISHA\.m2\repository\jakarta\activation\jakarta.activation-api\1.2.1\jakarta.activation-api-1.2.1.jar;C:\Users\naman.misra.DELL-NAMANMISHA\.m2\repository\com\sun\xml\bind\jaxb-osgi\2.3.0.1\jaxb-osgi-2.3.0.1.jar;C:\Users\naman.misra.DELL-NAMANMISHA\.m2\repository\org\apache\sling\org.apache.sling.javax.activation\0.1.0\org.apache.sling.javax.activation-0.1.0.jar;C:\Users\naman.misra.DELL-NAMANMISHA\.m2\repository\javax\activation\activation\1.1.1\activation-1.1.1.jar;C:\Users\naman.misra.DELL-NAMANMISHA\.m2\repository\org\testng\testng\7.1.0\testng-7.1.0.jar;C:\Users\naman.misra.DELL-NAMANMISHA\.m2\repository\com\beust\jcommander\1.72\jcommander-1.72.jar;C:\Users\naman.misra.DELL-NAMANMISHA\.m2\repository\com\google\inject\guice\4.1.0\guice-4.1.0-no_aop.jar;C:\Users\naman.misra.DELL-NAMANMISHA\.m2\repository\javax\inject\javax.inject\1\javax.inject-1.jar;C:\Users\naman.misra.DELL-NAMANMISHA\.m2\repository\aopalliance\aopalliance\1.0\aopalliance-1.0.jar;C:\Users\naman.misra.DELL-NAMANMISHA\.m2\repository\com\google\guava\guava\19.0\guava-19.0.jar;C:\Users\naman.misra.DELL-NAMANMISHA\.m2\repository\org\yaml\snakeyaml\1.21\snakeyaml-1.21.jar;C:\Users\naman.misra.DELL-NAMANMISHA\.m2\repository\com\googlecode\json-simple\json-simple\1.1.1\json-simple-1.1.1.jar;C:\Users\naman.misra.DELL-NAMANMISHA\.m2\repository\junit\junit\4.10\junit-4.10.jar;C:\Users\naman.misra.DELL-NAMANMISHA\.m2\repository\org\hamcrest\hamcrest-core\1.1\hamcrest-core-1.1.jar;C:\Users\naman.misra.DELL-NAMANMISHA\.m2\repository\org\apache\poi\poi\4.1.2\poi-4.1.2.jar;C:\Users\naman.misra.DELL-NAMANMISHA\.m2\repository\commons-codec\commons-codec\1.13\commons-codec-1.13.jar;C:\Users\naman.misra.DELL-NAMANMISHA\.m2\repository\org\apache\commons\commons-collections4\4.4\commons-collections4-4.4.jar;C:\Users\naman.misra.DELL-NAMANMISHA\.m2\repository\org\apache\commons\commons-math3\3.6.1\commons-math3-3.6.1.jar;C:\Users\naman.misra.DELL-NAMANMISHA\.m2\repository\com\zaxxer\SparseBitSet\1.2\SparseBitSet-1.2.jar;C:\Users\naman.misra.DELL-NAMANMISHA\.m2\repository\org\apache\poi\poi-ooxml\4.1.2\poi-ooxml-4.1.2.jar;C:\Users\naman.misra.DELL-NAMANMISHA\.m2\repository\org\apache\poi\poi-ooxml-schemas\4.1.2\poi-ooxml-schemas-4.1.2.jar;C:\Users\naman.misra.DELL-NAMANMISHA\.m2\repository\org\apache\xmlbeans\xmlbeans\3.1.0\xmlbeans-3.1.0.jar;C:\Users\naman.misra.DELL-NAMANMISHA\.m2\repository\org\apache\commons\commons-compress\1.19\commons-compress-1.19.jar;C:\Users\naman.misra.DELL-NAMANMISHA\.m2\repository\com\github\virtuald\curvesapi\1.06\curvesapi-1.06.jar;C:\Users\naman.misra.DELL-NAMANMISHA\.m2\repository\com\fasterxml\jackson\core\jackson-databind\2.9.5\jackson-databind-2.9.5.jar;C:\Users\naman.misra.DELL-NAMANMISHA\.m2\repository\com\fasterxml\jackson\core\jackson-annotations\2.9.0\jackson-annotations-2.9.0.jar;C:\Users\naman.misra.DELL-NAMANMISHA\.m2\repository\com\fasterxml\jackson\core\jackson-core\2.9.5\jackson-core-2.9.5.jar;C:\Users\naman.misra.DELL-NAMANMISHA\.m2\repository\org\apache\maven\plugins\maven-compiler-plugin\3.7.0\maven-compiler-plugin-3.7.0.jar;C:\Users\naman.misra.DELL-NAMANMISHA\.m2\repository\org\apache\maven\maven-plugin-api\3.0\maven-plugin-api-3.0.jar;C:\Users\naman.misra.DELL-NAMANMISHA\.m2\repository\org\apache\maven\maven-model\3.0\maven-model-3.0.jar;C:\Users\naman.misra.DELL-NAMANMISHA\.m2\repository\org\sonatype\sisu\sisu-inject-plexus\1.4.2\sisu-inject-plexus-1.4.2.jar;C:\Users\naman.misra.DELL-NAMANMISHA\.m2\repository\org\sonatype\sisu\sisu-inject-bean\1.4.2\sisu-inject-bean-1.4.2.jar;C:\Users\naman.misra.DELL-NAMANMISHA\.m2\repository\org\sonatype\sisu\sisu-guice\2.1.7\sisu-guice-2.1.7-noaop.jar;C:\Users\naman.misra.DELL-NAMANMISHA\.m2\repository\org\apache\maven\maven-artifact\3.0\maven-artifact-3.0.jar;C:\Users\naman.misra.DELL-NAMANMISHA\.m2\repository\org\codehaus\plexus\plexus-utils\2.0.4\plexus-utils-2.0.4.jar;C:\Users\naman.misra.DELL-NAMANMISHA\.m2\repository\org\apache\maven\maven-core\3.0\maven-core-3.0.jar;C:\Users\naman.misra.DELL-NAMANMISHA\.m2\repository\org\apache\maven\maven-settings\3.0\maven-settings-3.0.jar;C:\Users\naman.misra.DELL-NAMANMISHA\.m2\repository\org\apache\maven\maven-settings-builder\3.0\maven-settings-builder-3.0.jar;C:\Users\naman.misra.DELL-NAMANMISHA\.m2\repository\org\apache\maven\maven-repository-metadata\3.0\maven-repository-metadata-3.0.jar;C:\Users\naman.misra.DELL-NAMANMISHA\.m2\repository\org\apache\maven\maven-model-builder\3.0\maven-model-builder-3.0.jar;C:\Users\naman.misra.DELL-NAMANMISHA\.m2\repository\org\apache\maven\maven-aether-provider\3.0\maven-aether-provider-3.0.jar;C:\Users\naman.misra.DELL-NAMANMISHA\.m2\repository\org\sonatype\aether\aether-impl\1.7\aether-impl-1.7.jar;C:\Users\naman.misra.DELL-NAMANMISHA\.m2\repository\org\sonatype\aether\aether-spi\1.7\aether-spi-1.7.jar;C:\Users\naman.misra.DELL-NAMANMISHA\.m2\repository\org\sonatype\aether\aether-api\1.7\aether-api-1.7.jar;C:\Users\naman.misra.DELL-NAMANMISHA\.m2\repository\org\sonatype\aether\aether-util\1.7\aether-util-1.7.jar;C:\Users\naman.misra.DELL-NAMANMISHA\.m2\repository\org\codehaus\plexus\plexus-interpolation\1.14\plexus-interpolation-1.14.jar;C:\Users\naman.misra.DELL-NAMANMISHA\.m2\repository\org\codehaus\plexus\plexus-classworlds\2.2.3\plexus-classworlds-2.2.3.jar;C:\Users\naman.misra.DELL-NAMANMISHA\.m2\repository\org\codehaus\plexus\plexus-component-annotations\1.5.5\plexus-component-annotations-1.5.5.jar;C:\Users\naman.misra.DELL-NAMANMISHA\.m2\repository\org\sonatype\plexus\plexus-sec-dispatcher\1.3\plexus-sec-dispatcher-1.3.jar;C:\Users\naman.misra.DELL-NAMANMISHA\.m2\repository\org\sonatype\plexus\plexus-cipher\1.4\plexus-cipher-1.4.jar;C:\Users\naman.misra.DELL-NAMANMISHA\.m2\repository\org\apache\maven\shared\maven-shared-utils\3.1.0\maven-shared-utils-3.1.0.jar;C:\Users\naman.misra.DELL-NAMANMISHA\.m2\repository\commons-io\commons-io\2.5\commons-io-2.5.jar;C:\Users\naman.misra.DELL-NAMANMISHA\.m2\repository\org\apache\maven\shared\maven-shared-incremental\1.1\maven-shared-incremental-1.1.jar;C:\Users\naman.misra.DELL-NAMANMISHA\.m2\repository\org\codehaus\plexus\plexus-java\0.9.2\plexus-java-0.9.2.jar;C:\Users\naman.misra.DELL-NAMANMISHA\.m2\repository\org\ow2\asm\asm\6.0_BETA\asm-6.0_BETA.jar;C:\Users\naman.misra.DELL-NAMANMISHA\.m2\repository\com\thoughtworks\qdox\qdox\2.0-M7\qdox-2.0-M7.jar;C:\Users\naman.misra.DELL-NAMANMISHA\.m2\repository\org\codehaus\plexus\plexus-compiler-api\2.8.2\plexus-compiler-api-2.8.2.jar;C:\Users\naman.misra.DELL-NAMANMISHA\.m2\repository\org\codehaus\plexus\plexus-compiler-manager\2.8.2\plexus-compiler-manager-2.8.2.jar;C:\Users\naman.misra.DELL-NAMANMISHA\.m2\repository\org\codehaus\plexus\plexus-compiler-javac\2.8.2\plexus-compiler-javac-2.8.2.jar;C:\Users\naman.misra.DELL-NAMANMISHA\.m2\repository\org\apache\maven\plugins\maven-surefire-plugin\3.0.0-M3\maven-surefire-plugin-3.0.0-M3.jar;C:\Users\naman.misra.DELL-NAMANMISHA\.m2\repository\org\apache\maven\surefire\maven-surefire-common\3.0.0-M3\maven-surefire-common-3.0.0-M3.jar;C:\Users\naman.misra.DELL-NAMANMISHA\.m2\repository\org\apache\maven\surefire\surefire-api\3.0.0-M3\surefire-api-3.0.0-M3.jar;C:\Users\naman.misra.DELL-NAMANMISHA\.m2\repository\org\apache\maven\surefire\surefire-logger-api\3.0.0-M3\surefire-logger-api-3.0.0-M3.jar;C:\Users\naman.misra.DELL-NAMANMISHA\.m2\repository\org\apache\maven\surefire\surefire-booter\3.0.0-M3\surefire-booter-3.0.0-M3.jar;C:\Users\naman.misra.DELL-NAMANMISHA\.m2\repository\org\apache\maven\maven-toolchain\3.0-alpha-2\maven-toolchain-3.0-alpha-2.jar;C:\Users\naman.misra.DELL-NAMANMISHA\.m2\repository\org\apache\maven\maven-compat\3.0-alpha-2\maven-compat-3.0-alpha-2.jar;C:\Users\naman.misra.DELL-NAMANMISHA\.m2\repository\org\codehaus\plexus\plexus-container-default\1.0-beta-3.0.5\plexus-container-default-1.0-beta-3.0.5.jar;C:\Users\naman.misra.DELL-NAMANMISHA\.m2\repository\org\apache\xbean\xbean-reflect\3.4\xbean-reflect-3.4.jar;C:\Users\naman.misra.DELL-NAMANMISHA\.m2\repository\log4j\log4j\1.2.12\log4j-1.2.12.jar;C:\Users\naman.misra.DELL-NAMANMISHA\.m2\repository\commons-logging\commons-logging-api\1.1\commons-logging-api-1.1.jar;C:\Users\naman.misra.DELL-NAMANMISHA\.m2\repository\com\google\code\google-collections\google-collect\snapshot-20080530\google-collect-snapshot-20080530.jar;C:\Users\naman.misra.DELL-NAMANMISHA\.m2\repository\org\apache\maven\wagon\wagon-provider-api\1.0-beta-4\wagon-provider-api-1.0-beta-4.jar;"/>
    <property name="java.vm.vendor" value="Oracle Corporation"/>
    <property name="sun.arch.data.model" value="64"/>
    <property name="user.variant" value=""/>
    <property name="java.vendor.url" value="http://java.oracle.com/"/>
    <property name="user.timezone" value="Asia/Calcutta"/>
    <property name="java.vm.specification.version" value="1.8"/>
    <property name="os.name" value="Windows 10"/>
    <property name="user.country" value="IN"/>
    <property name="sun.java.launcher" value="SUN_STANDARD"/>
    <property name="sun.boot.library.path" value="C:\Program Files\Java\jdk1.8.0_211\jre\bin"/>
    <property name="sun.java.command" value="C:\Users\naman.misra.DELL-NAMANMISHA\AppData\Local\Temp\surefire3655920751990623051\surefirebooter1109217030205919743.jar C:\Users\naman.misra.DELL-NAMANMISHA\AppData\Local\Temp\surefire3655920751990623051 2021-01-08T00-59-36_390-jvmRun1 surefire389903340159082218tmp surefire_05902277975513188124tmp"/>
    <property name="surefire.test.class.path" value="D:\EclipseWS\VideoGameProject\target\test-classes;D:\EclipseWS\VideoGameProject\target\classes;C:\Users\naman.misra.DELL-NAMANMISHA\.m2\repository\io\rest-assured\rest-assured\4.3.0\rest-assured-4.3.0.jar;C:\Users\naman.misra.DELL-NAMANMISHA\.m2\repository\org\codehaus\groovy\groovy\3.0.2\groovy-3.0.2.jar;C:\Users\naman.misra.DELL-NAMANMISHA\.m2\repository\org\codehaus\groovy\groovy-xml\3.0.2\groovy-xml-3.0.2.jar;C:\Users\naman.misra.DELL-NAMANMISHA\.m2\repository\org\apache\httpcomponents\httpclient\4.5.3\httpclient-4.5.3.jar;C:\Users\naman.misra.DELL-NAMANMISHA\.m2\repository\org\apache\httpcomponents\httpcore\4.4.6\httpcore-4.4.6.jar;C:\Users\naman.misra.DELL-NAMANMISHA\.m2\repository\commons-logging\commons-logging\1.2\commons-logging-1.2.jar;C:\Users\naman.misra.DELL-NAMANMISHA\.m2\repository\org\apache\httpcomponents\httpmime\4.5.3\httpmime-4.5.3.jar;C:\Users\naman.misra.DELL-NAMANMISHA\.m2\repository\org\hamcrest\hamcrest\2.1\hamcrest-2.1.jar;C:\Users\naman.misra.DELL-NAMANMISHA\.m2\repository\org\ccil\cowan\tagsoup\tagsoup\1.2.1\tagsoup-1.2.1.jar;C:\Users\naman.misra.DELL-NAMANMISHA\.m2\repository\io\rest-assured\json-path\4.3.0\json-path-4.3.0.jar;C:\Users\naman.misra.DELL-NAMANMISHA\.m2\repository\org\codehaus\groovy\groovy-json\3.0.2\groovy-json-3.0.2.jar;C:\Users\naman.misra.DELL-NAMANMISHA\.m2\repository\io\rest-assured\rest-assured-common\4.3.0\rest-assured-common-4.3.0.jar;C:\Users\naman.misra.DELL-NAMANMISHA\.m2\repository\io\rest-assured\xml-path\4.3.0\xml-path-4.3.0.jar;C:\Users\naman.misra.DELL-NAMANMISHA\.m2\repository\org\apache\commons\commons-lang3\3.4\commons-lang3-3.4.jar;C:\Users\naman.misra.DELL-NAMANMISHA\.m2\repository\jakarta\xml\bind\jakarta.xml.bind-api\2.3.2\jakarta.xml.bind-api-2.3.2.jar;C:\Users\naman.misra.DELL-NAMANMISHA\.m2\repository\jakarta\activation\jakarta.activation-api\1.2.1\jakarta.activation-api-1.2.1.jar;C:\Users\naman.misra.DELL-NAMANMISHA\.m2\repository\com\sun\xml\bind\jaxb-osgi\2.3.0.1\jaxb-osgi-2.3.0.1.jar;C:\Users\naman.misra.DELL-NAMANMISHA\.m2\repository\org\apache\sling\org.apache.sling.javax.activation\0.1.0\org.apache.sling.javax.activation-0.1.0.jar;C:\Users\naman.misra.DELL-NAMANMISHA\.m2\repository\javax\activation\activation\1.1.1\activation-1.1.1.jar;C:\Users\naman.misra.DELL-NAMANMISHA\.m2\repository\org\testng\testng\7.1.0\testng-7.1.0.jar;C:\Users\naman.misra.DELL-NAMANMISHA\.m2\repository\com\beust\jcommander\1.72\jcommander-1.72.jar;C:\Users\naman.misra.DELL-NAMANMISHA\.m2\repository\com\google\inject\guice\4.1.0\guice-4.1.0-no_aop.jar;C:\Users\naman.misra.DELL-NAMANMISHA\.m2\repository\javax\inject\javax.inject\1\javax.inject-1.jar;C:\Users\naman.misra.DELL-NAMANMISHA\.m2\repository\aopalliance\aopalliance\1.0\aopalliance-1.0.jar;C:\Users\naman.misra.DELL-NAMANMISHA\.m2\repository\com\google\guava\guava\19.0\guava-19.0.jar;C:\Users\naman.misra.DELL-NAMANMISHA\.m2\repository\org\yaml\snakeyaml\1.21\snakeyaml-1.21.jar;C:\Users\naman.misra.DELL-NAMANMISHA\.m2\repository\com\googlecode\json-simple\json-simple\1.1.1\json-simple-1.1.1.jar;C:\Users\naman.misra.DELL-NAMANMISHA\.m2\repository\junit\junit\4.10\junit-4.10.jar;C:\Users\naman.misra.DELL-NAMANMISHA\.m2\repository\org\hamcrest\hamcrest-core\1.1\hamcrest-core-1.1.jar;C:\Users\naman.misra.DELL-NAMANMISHA\.m2\repository\org\apache\poi\poi\4.1.2\poi-4.1.2.jar;C:\Users\naman.misra.DELL-NAMANMISHA\.m2\repository\commons-codec\commons-codec\1.13\commons-codec-1.13.jar;C:\Users\naman.misra.DELL-NAMANMISHA\.m2\repository\org\apache\commons\commons-collections4\4.4\commons-collections4-4.4.jar;C:\Users\naman.misra.DELL-NAMANMISHA\.m2\repository\org\apache\commons\commons-math3\3.6.1\commons-math3-3.6.1.jar;C:\Users\naman.misra.DELL-NAMANMISHA\.m2\repository\com\zaxxer\SparseBitSet\1.2\SparseBitSet-1.2.jar;C:\Users\naman.misra.DELL-NAMANMISHA\.m2\repository\org\apache\poi\poi-ooxml\4.1.2\poi-ooxml-4.1.2.jar;C:\Users\naman.misra.DELL-NAMANMISHA\.m2\repository\org\apache\poi\poi-ooxml-schemas\4.1.2\poi-ooxml-schemas-4.1.2.jar;C:\Users\naman.misra.DELL-NAMANMISHA\.m2\repository\org\apache\xmlbeans\xmlbeans\3.1.0\xmlbeans-3.1.0.jar;C:\Users\naman.misra.DELL-NAMANMISHA\.m2\repository\org\apache\commons\commons-compress\1.19\commons-compress-1.19.jar;C:\Users\naman.misra.DELL-NAMANMISHA\.m2\repository\com\github\virtuald\curvesapi\1.06\curvesapi-1.06.jar;C:\Users\naman.misra.DELL-NAMANMISHA\.m2\repository\com\fasterxml\jackson\core\jackson-databind\2.9.5\jackson-databind-2.9.5.jar;C:\Users\naman.misra.DELL-NAMANMISHA\.m2\repository\com\fasterxml\jackson\core\jackson-annotations\2.9.0\jackson-annotations-2.9.0.jar;C:\Users\naman.misra.DELL-NAMANMISHA\.m2\repository\com\fasterxml\jackson\core\jackson-core\2.9.5\jackson-core-2.9.5.jar;C:\Users\naman.misra.DELL-NAMANMISHA\.m2\repository\org\apache\maven\plugins\maven-compiler-plugin\3.7.0\maven-compiler-plugin-3.7.0.jar;C:\Users\naman.misra.DELL-NAMANMISHA\.m2\repository\org\apache\maven\maven-plugin-api\3.0\maven-plugin-api-3.0.jar;C:\Users\naman.misra.DELL-NAMANMISHA\.m2\repository\org\apache\maven\maven-model\3.0\maven-model-3.0.jar;C:\Users\naman.misra.DELL-NAMANMISHA\.m2\repository\org\sonatype\sisu\sisu-inject-plexus\1.4.2\sisu-inject-plexus-1.4.2.jar;C:\Users\naman.misra.DELL-NAMANMISHA\.m2\repository\org\sonatype\sisu\sisu-inject-bean\1.4.2\sisu-inject-bean-1.4.2.jar;C:\Users\naman.misra.DELL-NAMANMISHA\.m2\repository\org\sonatype\sisu\sisu-guice\2.1.7\sisu-guice-2.1.7-noaop.jar;C:\Users\naman.misra.DELL-NAMANMISHA\.m2\repository\org\apache\maven\maven-artifact\3.0\maven-artifact-3.0.jar;C:\Users\naman.misra.DELL-NAMANMISHA\.m2\repository\org\codehaus\plexus\plexus-utils\2.0.4\plexus-utils-2.0.4.jar;C:\Users\naman.misra.DELL-NAMANMISHA\.m2\repository\org\apache\maven\maven-core\3.0\maven-core-3.0.jar;C:\Users\naman.misra.DELL-NAMANMISHA\.m2\repository\org\apache\maven\maven-settings\3.0\maven-settings-3.0.jar;C:\Users\naman.misra.DELL-NAMANMISHA\.m2\repository\org\apache\maven\maven-settings-builder\3.0\maven-settings-builder-3.0.jar;C:\Users\naman.misra.DELL-NAMANMISHA\.m2\repository\org\apache\maven\maven-repository-metadata\3.0\maven-repository-metadata-3.0.jar;C:\Users\naman.misra.DELL-NAMANMISHA\.m2\repository\org\apache\maven\maven-model-builder\3.0\maven-model-builder-3.0.jar;C:\Users\naman.misra.DELL-NAMANMISHA\.m2\repository\org\apache\maven\maven-aether-provider\3.0\maven-aether-provider-3.0.jar;C:\Users\naman.misra.DELL-NAMANMISHA\.m2\repository\org\sonatype\aether\aether-impl\1.7\aether-impl-1.7.jar;C:\Users\naman.misra.DELL-NAMANMISHA\.m2\repository\org\sonatype\aether\aether-spi\1.7\aether-spi-1.7.jar;C:\Users\naman.misra.DELL-NAMANMISHA\.m2\repository\org\sonatype\aether\aether-api\1.7\aether-api-1.7.jar;C:\Users\naman.misra.DELL-NAMANMISHA\.m2\repository\org\sonatype\aether\aether-util\1.7\aether-util-1.7.jar;C:\Users\naman.misra.DELL-NAMANMISHA\.m2\repository\org\codehaus\plexus\plexus-interpolation\1.14\plexus-interpolation-1.14.jar;C:\Users\naman.misra.DELL-NAMANMISHA\.m2\repository\org\codehaus\plexus\plexus-classworlds\2.2.3\plexus-classworlds-2.2.3.jar;C:\Users\naman.misra.DELL-NAMANMISHA\.m2\repository\org\codehaus\plexus\plexus-component-annotations\1.5.5\plexus-component-annotations-1.5.5.jar;C:\Users\naman.misra.DELL-NAMANMISHA\.m2\repository\org\sonatype\plexus\plexus-sec-dispatcher\1.3\plexus-sec-dispatcher-1.3.jar;C:\Users\naman.misra.DELL-NAMANMISHA\.m2\repository\org\sonatype\plexus\plexus-cipher\1.4\plexus-cipher-1.4.jar;C:\Users\naman.misra.DELL-NAMANMISHA\.m2\repository\org\apache\maven\shared\maven-shared-utils\3.1.0\maven-shared-utils-3.1.0.jar;C:\Users\naman.misra.DELL-NAMANMISHA\.m2\repository\commons-io\commons-io\2.5\commons-io-2.5.jar;C:\Users\naman.misra.DELL-NAMANMISHA\.m2\repository\org\apache\maven\shared\maven-shared-incremental\1.1\maven-shared-incremental-1.1.jar;C:\Users\naman.misra.DELL-NAMANMISHA\.m2\repository\org\codehaus\plexus\plexus-java\0.9.2\plexus-java-0.9.2.jar;C:\Users\naman.misra.DELL-NAMANMISHA\.m2\repository\org\ow2\asm\asm\6.0_BETA\asm-6.0_BETA.jar;C:\Users\naman.misra.DELL-NAMANMISHA\.m2\repository\com\thoughtworks\qdox\qdox\2.0-M7\qdox-2.0-M7.jar;C:\Users\naman.misra.DELL-NAMANMISHA\.m2\repository\org\codehaus\plexus\plexus-compiler-api\2.8.2\plexus-compiler-api-2.8.2.jar;C:\Users\naman.misra.DELL-NAMANMISHA\.m2\repository\org\codehaus\plexus\plexus-compiler-manager\2.8.2\plexus-compiler-manager-2.8.2.jar;C:\Users\naman.misra.DELL-NAMANMISHA\.m2\repository\org\codehaus\plexus\plexus-compiler-javac\2.8.2\plexus-compiler-javac-2.8.2.jar;C:\Users\naman.misra.DELL-NAMANMISHA\.m2\repository\org\apache\maven\plugins\maven-surefire-plugin\3.0.0-M3\maven-surefire-plugin-3.0.0-M3.jar;C:\Users\naman.misra.DELL-NAMANMISHA\.m2\repository\org\apache\maven\surefire\maven-surefire-common\3.0.0-M3\maven-surefire-common-3.0.0-M3.jar;C:\Users\naman.misra.DELL-NAMANMISHA\.m2\repository\org\apache\maven\surefire\surefire-api\3.0.0-M3\surefire-api-3.0.0-M3.jar;C:\Users\naman.misra.DELL-NAMANMISHA\.m2\repository\org\apache\maven\surefire\surefire-logger-api\3.0.0-M3\surefire-logger-api-3.0.0-M3.jar;C:\Users\naman.misra.DELL-NAMANMISHA\.m2\repository\org\apache\maven\surefire\surefire-booter\3.0.0-M3\surefire-booter-3.0.0-M3.jar;C:\Users\naman.misra.DELL-NAMANMISHA\.m2\repository\org\apache\maven\maven-toolchain\3.0-alpha-2\maven-toolchain-3.0-alpha-2.jar;C:\Users\naman.misra.DELL-NAMANMISHA\.m2\repository\org\apache\maven\maven-compat\3.0-alpha-2\maven-compat-3.0-alpha-2.jar;C:\Users\naman.misra.DELL-NAMANMISHA\.m2\repository\org\codehaus\plexus\plexus-container-default\1.0-beta-3.0.5\plexus-container-default-1.0-beta-3.0.5.jar;C:\Users\naman.misra.DELL-NAMANMISHA\.m2\repository\org\apache\xbean\xbean-reflect\3.4\xbean-reflect-3.4.jar;C:\Users\naman.misra.DELL-NAMANMISHA\.m2\repository\log4j\log4j\1.2.12\log4j-1.2.12.jar;C:\Users\naman.misra.DELL-NAMANMISHA\.m2\repository\commons-logging\commons-logging-api\1.1\commons-logging-api-1.1.jar;C:\Users\naman.misra.DELL-NAMANMISHA\.m2\repository\com\google\code\google-collections\google-collect\snapshot-20080530\google-collect-snapshot-20080530.jar;C:\Users\naman.misra.DELL-NAMANMISHA\.m2\repository\org\apache\maven\wagon\wagon-provider-api\1.0-beta-4\wagon-provider-api-1.0-beta-4.jar;"/>
    <property name="sun.cpu.endian" value="little"/>
    <property name="user.home" value="C:\Users\naman.misra.DELL-NAMANMISHA"/>
    <property name="user.language" value="en"/>
    <property name="java.specification.vendor" value="Oracle Corporation"/>
    <property name="java.home" value="C:\Program Files\Java\jdk1.8.0_211\jre"/>
    <property name="basedir" value="D:\EclipseWS\VideoGameProject"/>
    <property name="file.separator" value="\"/>
    <property name="line.separator" value="&#10;"/>
    <property name="java.vm.specification.vendor" value="Oracle Corporation"/>
    <property name="java.specification.name" value="Java Platform API Specification"/>
    <property name="java.awt.graphicsenv" value="sun.awt.Win32GraphicsEnvironment"/>
    <property name="surefire.real.class.path" value="C:\Users\naman.misra.DELL-NAMANMISHA\AppData\Local\Temp\surefire3655920751990623051\surefirebooter1109217030205919743.jar"/>
    <property name="sun.boot.class.path" value="C:\Program Files\Java\jdk1.8.0_211\jre\lib\resources.jar;C:\Program Files\Java\jdk1.8.0_211\jre\lib\rt.jar;C:\Program Files\Java\jdk1.8.0_211\jre\lib\sunrsasign.jar;C:\Program Files\Java\jdk1.8.0_211\jre\lib\jsse.jar;C:\Program Files\Java\jdk1.8.0_211\jre\lib\jce.jar;C:\Program Files\Java\jdk1.8.0_211\jre\lib\charsets.jar;C:\Program Files\Java\jdk1.8.0_211\jre\lib\jfr.jar;C:\Program Files\Java\jdk1.8.0_211\jre\classes"/>
    <property name="user.script" value=""/>
    <property name="sun.management.compiler" value="HotSpot 64-Bit Tiered Compilers"/>
    <property name="java.runtime.version" value="1.8.0_211-b12"/>
    <property name="user.name" value="naman.misra"/>
    <property name="path.separator" value=";"/>
    <property name="os.version" value="10.0"/>
    <property name="java.endorsed.dirs" value="C:\Program Files\Java\jdk1.8.0_211\jre\lib\endorsed"/>
    <property name="java.runtime.name" value="Java(TM) SE Runtime Environment"/>
    <property name="file.encoding" value="Cp1252"/>
    <property name="java.vm.name" value="Java HotSpot(TM) 64-Bit Server VM"/>
    <property name="localRepository" value="C:\Users\naman.misra.DELL-NAMANMISHA\.m2\repository"/>
    <property name="java.vendor.url.bug" value="http://bugreport.sun.com/bugreport/"/>
    <property name="java.io.tmpdir" value="C:\Users\NAMANM~1.DEL\AppData\Local\Temp\"/>
    <property name="java.version" value="1.8.0_211"/>
    <property name="user.dir" value="D:\EclipseWS\VideoGameProject"/>
    <property name="os.arch" value="amd64"/>
    <property name="java.vm.specification.name" value="Java Virtual Machine Specification"/>
    <property name="java.awt.printerjob" value="sun.awt.windows.WPrinterJob"/>
    <property name="sun.os.patch.level" value=""/>
    <property name="java.library.path" value="C:\Program Files\Java\jdk1.8.0_211\jre\bin;C:\WINDOWS\Sun\Java\bin;C:\WINDOWS\system32;C:\WINDOWS;C:\Python38\Scripts\;C:\Python38\;C:\Program Files (x86)\Common Files\Oracle\Java\javapath;C:\Program Files (x86)\Intel\Intel(R) Management Engine Components\iCLS\;C:\Program Files\Intel\Intel(R) Management Engine Components\iCLS\;C:\WINDOWS\system32;C:\WINDOWS;C:\WINDOWS\System32\Wbem;C:\WINDOWS\System32\WindowsPowerShell\v1.0\;C:\WINDOWS\System32\OpenSSH\;C:\Program Files (x86)\Intel\Intel(R) Management Engine Components\DAL;C:\Program Files\Intel\Intel(R) Management Engine Components\DAL;C:\Program Files (x86)\Intel\Intel(R) Management Engine Components\IPT;C:\Program Files\Intel\Intel(R) Management Engine Components\IPT;C:\Program Files\Java\jdk1.8.0_211\bin;C:\Program Files\apache-ant-1.10.8\bin;C:\Program Files\Git\cmd;C:\Program Files\PuTTY\;C:\Program Files\nodejs\;C:\ProgramData\chocolatey\bin;C:\Program Files\Docker\Docker\resources\bin;C:\ProgramData\DockerDesktop\version-bin;C:\Program Files\gradle-6.7.1\bin;C:\Program Files\apache-maven-3.6.3\bin;C:\Users\naman.misra.DELL-NAMANMISHA\AppData\Local\Microsoft\WindowsApps;C:\Users\naman.misra.DELL-NAMANMISHA\AppData\Roaming\npm;."/>
    <property name="java.vm.info" value="mixed mode"/>
    <property name="java.vendor" value="Oracle Corporation"/>
    <property name="java.vm.version" value="25.211-b12"/>
    <property name="java.ext.dirs" value="C:\Program Files\Java\jdk1.8.0_211\jre\lib\ext;C:\WINDOWS\Sun\Java\lib\ext"/>
    <property name="sun.io.unicode.encoding" value="UnicodeLittle"/>
    <property name="java.class.version" value="52.0"/>
  </properties>
  <testcase name="getAllVideoGame" classname="testCases.TC_VideoGameAPITC" time="1.752">
    <system-err><![CDATA[log4j:WARN No appenders could be found for logger (org.apache.http.impl.conn.BasicClientConnectionManager).
log4j:WARN Please initialize the log4j system properly.
]]></system-err>
  </testcase>
  <testcase name="test_addNewVideoGame" classname="testCases.TC_VideoGameAPITC" time="0.309">
    <system-out><![CDATA[{"status": "Record Added Successfully"}
]]></system-out>
    <system-err><![CDATA[[Fatal Error] :1:1: Content is not allowed in prolog.
]]></system-err>
  </testcase>
  <testcase name="test_getVideoGame" classname="testCases.TC_VideoGameAPITC" time="0.618">
    <system-out><![CDATA[<videoGame category="Adventure" rating="Universal">
  <id>100</id>
  <name>SpiderMan</name>
  <releaseDate>2021-01-07T00:00:00+05:30</releaseDate>
  <reviewScore>5</reviewScore>
</videoGame>
]]></system-out>
  </testcase>
  <testcase name="test_UpdateVideoGame" classname="testCases.TC_VideoGameAPITC" time="0.072">
    <system-out><![CDATA[<videoGame category="Adventure" rating="Universal">
  <id>100</id>
  <name>BatMan</name>
  <releaseDate>2021-01-07T00:00:00+05:30</releaseDate>
  <reviewScore>1000</reviewScore>
</videoGame>
]]></system-out>
  </testcase>
  <testcase name="test_DeleteVideoGame" classname="testCases.TC_VideoGameAPITC" time="0.021">
    <system-out><![CDATA[{"status": "Record Deleted Successfully"}
]]></system-out>
    <system-err><![CDATA[[Fatal Error] :1:1: Content is not allowed in prolog.
]]></system-err>
  </testcase>
</testsuite>