<?xml version="1.0" encoding="UTF-8"?>
<!-- Generated by org.testng.reporters.JUnitReportReporter -->
<testsuite skipped="0" hostname="Dell-Namanmishar" name="testCases.TC_VideoGameAPITC" tests="5" failures="0" timestamp="2021-01-08T00:33:27 IST" time="2.586" errors="0">
  <testcase name="getAllVideoGame" time="1.611" classname="testCases.TC_VideoGameAPITC"/>
  <system-out/>
  <testcase name="test_addNewVideoGame" time="0.313" classname="testCases.TC_VideoGameAPITC"/>
  <system-out/>
  <testcase name="test_getVideoGame" time="0.588" classname="testCases.TC_VideoGameAPITC"/>
  <system-out/>
  <testcase name="test_UpdateVideoGame" time="0.050" classname="testCases.TC_VideoGameAPITC"/>
  <system-out/>
  <testcase name="test_DeleteVideoGame" time="0.024" classname="testCases.TC_VideoGameAPITC"/>
  <system-out/>
</testsuite> <!-- testCases.TC_VideoGameAPITC -->
